#
# A fatal error has been detected by the Java Runtime Environment:
#
#  SIGBUS (0xa) at pc=0x000000010e3e26e8, pid=84871, tid=0x0000000000004f03
#
# JRE version: Java(TM) SE Runtime Environment (8.0_201-b09) (build 1.8.0_201-b09)
# Java VM: Java HotSpot(TM) 64-Bit Server VM (25.201-b09 mixed mode bsd-amd64 compressed oops)
# Problematic frame:
# V  [libjvm.dylib+0x1e26e8]
#
# Failed to write core dump. Core dumps have been disabled. To enable core dumping, try "ulimit -c unlimited" before starting Java again
#
# If you would like to submit a bug report, please visit:
#   http://bugreport.java.com/bugreport/crash.jsp
#

---------------  T H R E A D  ---------------

Current thread (0x00007fa445804000):  VMThread [stack: 0x0000700001d43000,0x0000700001e43000] [id=20227]

siginfo: si_signo: 10 (SIGBUS), si_code: 2 (BUS_ADRERR), si_addr: 0x0000000110fa6a08

Registers:
RAX=0x0000000110ede978, RBX=0x0000000000000040, RCX=0x00000000000c8080, RDX=0x0000000000000000
RSP=0x0000700001e424d0, RBP=0x0000700001e424d0, RSI=0x0000000000006404, RDI=0x0000000110ede290
R8 =0x0000000000000040, R9 =0x000000008a000000, R10=0x000000000000000a, R11=0xffffffffffffff70
R12=0x0000700001e426f8, R13=0x0000000110ede290, R14=0x0000000000000001, R15=0x0000000000000001
RIP=0x000000010e3e26e8, EFLAGS=0x0000000000010202, ERR=0x0000000000000004
  TRAPNO=0x000000000000000e

Top of Stack: (sp=0x0000700001e424d0)
0x0000700001e424d0:   0000700001e42530 000000010e489a76
0x0000700001e424e0:   0000700001e42500 000000010e7ae220
0x0000700001e424f0:   0000700001e42548 0000700001e426f8
0x0000700001e42500:   0000700001e42530 00007fa443004d70
0x0000700001e42510:   0000700001e42548 0000000110ede7a8
0x0000700001e42520:   0000700001e426f8 0000000000000058
0x0000700001e42530:   0000700001e425b0 000000010e48b4e4
0x0000700001e42540:   0000000000000001 0000700001e42580
0x0000700001e42550:   0000000110ede7a8 00007fa445804000
0x0000700001e42560:   0000004300000040 000000b200000058
0x0000700001e42570:   000000b201e40000 0000000110ede7a8
0x0000700001e42580:   00007fa445804000 0000000110ede7a8
0x0000700001e42590:   0000700001e426f8 0000000110ede7a8
0x0000700001e425a0:   0000000000000002 0000000000000078
0x0000700001e425b0:   0000700001e425e0 000000010e48b733
0x0000700001e425c0:   0000700001e425e0 0000700001e426f8
0x0000700001e425d0:   0000700001e426f8 0000000110ede7a8
0x0000700001e425e0:   0000700001e42600 000000010e48bcca
0x0000700001e425f0:   0000700001e426f8 00007fa445804000
0x0000700001e42600:   0000700001e42690 000000010e48c0e3
0x0000700001e42610:   0000700001e40000 0000000000000000
0x0000700001e42620:   000000010e8300a2 0000000000000000
0x0000700001e42630:   000000010e83043e 0000000000000100
0x0000700001e42640:   0000000000000000 0000000000000000
0x0000700001e42650:   0000000000000100 0000700001e42716
0x0000700001e42660:   0000000110ede7a8 00007fa445804000
0x0000700001e42670:   0000000110ede7a8 0000700001e426f8
0x0000700001e42680:   00007fa445804000 00007fa443010a80
0x0000700001e42690:   0000700001e426e0 000000010e686331
0x0000700001e426a0:   00007fa443105440 00007fa443004c60
0x0000700001e426b0:   00007fa443004c70 00007fa443005048
0x0000700001e426c0:   00000000000003d8 0000000000000046 

Instructions: (pc=0x000000010e3e26e8)
0x000000010e3e26c8:   63 ce 48 c1 e1 05 ba ff ff 00 00 48 23 54 08 10
0x000000010e3e26d8:   8b 44 d7 50 c1 e8 10 5d c3 48 63 ce 48 c1 e1 05
0x000000010e3e26e8:   48 8b 4c 08 10 0f b7 f1 48 63 c6 8b 44 c7 50 eb
0x000000010e3e26f8:   e3 90 55 48 89 e5 53 48 83 ec 08 48 89 fb 48 89 

Register to memory mapping:

RAX=0x0000000110ede978 is pointing into metadata
RBX=0x0000000000000040 is an unknown value
RCX=0x00000000000c8080 is an unknown value
RDX=0x0000000000000000 is an unknown value
RSP=0x0000700001e424d0 is an unknown value
RBP=0x0000700001e424d0 is an unknown value
RSI=0x0000000000006404 is an unknown value
RDI=0x0000000110ede290 is pointing into metadata
R8 =0x0000000000000040 is an unknown value
R9 =0x000000008a000000 is an unknown value
R10=0x000000000000000a is an unknown value
R11=0xffffffffffffff70 is an unknown value
R12=0x0000700001e426f8 is an unknown value
R13=0x0000000110ede290 is pointing into metadata
R14=0x0000000000000001 is an unknown value
R15=0x0000000000000001 is an unknown value


Stack: [0x0000700001d43000,0x0000700001e43000],  sp=0x0000700001e424d0,  free space=1021k
Native frames: (J=compiled Java code, j=interpreted, Vv=VM code, C=native code)
V  [libjvm.dylib+0x1e26e8]
V  [libjvm.dylib+0x289a76]
V  [libjvm.dylib+0x28b4e4]
V  [libjvm.dylib+0x28b733]
V  [libjvm.dylib+0x28bcca]
V  [libjvm.dylib+0x28c0e3]
V  [libjvm.dylib+0x486331]
V  [libjvm.dylib+0x48653a]
V  [libjvm.dylib+0x48671b]
V  [libjvm.dylib+0x4869d2]
V  [libjvm.dylib+0x2c3a00]
V  [libjvm.dylib+0x45405d]
V  [libjvm.dylib+0x39bf6f]
V  [libjvm.dylib+0x5be6ad]
V  [libjvm.dylib+0x5bcc45]
V  [libjvm.dylib+0x5bd092]
V  [libjvm.dylib+0x5bc9b1]
V  [libjvm.dylib+0x48f3ca]
C  [libsystem_pthread.dylib+0x32eb]  _pthread_body+0x7e
C  [libsystem_pthread.dylib+0x6249]  _pthread_start+0x42
C  [libsystem_pthread.dylib+0x240d]  thread_start+0xd

VM_Operation (0x000070000224e958): GetOrSetLocal, mode: safepoint, requested by thread 0x00007fa442815800


---------------  P R O C E S S  ---------------

Java Threads: ( => current thread )
  0x00007fa442806800 JavaThread "Service Thread" daemon [_thread_blocked, id=22275, stack(0x0000700002864000,0x0000700002964000)]
  0x00007fa44489f000 JavaThread "C1 CompilerThread3" daemon [_thread_blocked, id=21763, stack(0x0000700002761000,0x0000700002861000)]
  0x00007fa441880000 JavaThread "C2 CompilerThread2" daemon [_thread_blocked, id=15619, stack(0x000070000265e000,0x000070000275e000)]
  0x00007fa4420ab000 JavaThread "C2 CompilerThread1" daemon [_thread_blocked, id=15107, stack(0x000070000255b000,0x000070000265b000)]
  0x00007fa442097800 JavaThread "C2 CompilerThread0" daemon [_thread_blocked, id=16387, stack(0x0000700002458000,0x0000700002558000)]
  0x00007fa44580c000 JavaThread "JDWP Command Reader" daemon [_thread_in_native, id=16643, stack(0x0000700002355000,0x0000700002455000)]
  0x00007fa444811000 JavaThread "JDWP Event Helper Thread" daemon [_thread_blocked, id=14339, stack(0x0000700002252000,0x0000700002352000)]
  0x00007fa442815800 JavaThread "JDWP Transport Listener: dt_socket" daemon [_thread_blocked, id=17159, stack(0x000070000214f000,0x000070000224f000)]
  0x00007fa445004000 JavaThread "Signal Dispatcher" daemon [_thread_blocked, id=17667, stack(0x000070000204c000,0x000070000214c000)]
  0x00007fa443828800 JavaThread "Finalizer" daemon [_thread_blocked, id=13059, stack(0x0000700001f49000,0x0000700002049000)]
  0x00007fa44280e800 JavaThread "Reference Handler" daemon [_thread_blocked, id=19971, stack(0x0000700001e46000,0x0000700001f46000)]
  0x00007fa443807800 JavaThread "main" [_thread_blocked, id=6403, stack(0x0000700001428000,0x0000700001528000)]

Other Threads:
=>0x00007fa445804000 VMThread [stack: 0x0000700001d43000,0x0000700001e43000] [id=20227]
  0x00007fa4448a8000 WatcherThread [stack: 0x0000700002967000,0x0000700002a67000] [id=22531]

VM state:at safepoint (normal execution)

VM Mutex/Monitor currently owned by a thread:  ([mutex/lock_event])
[0x00007fa441409c80] Threads_lock - owner thread: 0x00007fa445804000

heap address: 0x00000006c0000000, size: 4096 MB, Compressed Oops mode: Zero based, Oop shift amount: 3
Narrow klass base: 0x0000000000000000, Narrow klass shift: 3
Compressed class space size: 1073741824 Address: 0x00000007c0000000

Heap:
 PSYoungGen      total 76288K, used 6554K [0x000000076ab00000, 0x0000000770000000, 0x00000007c0000000)
  eden space 65536K, 10% used [0x000000076ab00000,0x000000076b166850,0x000000076eb00000)
  from space 10752K, 0% used [0x000000076f580000,0x000000076f580000,0x0000000770000000)
  to   space 10752K, 0% used [0x000000076eb00000,0x000000076eb00000,0x000000076f580000)
 ParOldGen       total 175104K, used 0K [0x00000006c0000000, 0x00000006cab00000, 0x000000076ab00000)
  object space 175104K, 0% used [0x00000006c0000000,0x00000006c0000000,0x00000006cab00000)
 Metaspace       used 3217K, capacity 4600K, committed 4864K, reserved 1056768K
  class space    used 340K, capacity 424K, committed 512K, reserved 1048576K

Card table byte_map: [0x000000010f579000,0x000000010fd7a000] byte_map_base: 0x000000010bf79000

Marking Bits: (ParMarkBitMap*) 0x000000010eafbe40
 Begin Bits: [0x000000012425f000, 0x000000012825f000)
 End Bits:   [0x000000012825f000, 0x000000012c25f000)

Polling page: 0x000000010d06e000

CodeCache: size=245760Kb used=1144Kb max_used=1155Kb free=244615Kb
 bounds [0x000000011525f000, 0x00000001154cf000, 0x000000012425f000]
 total_blobs=275 nmethods=39 adapters=158
 compilation: enabled

Compilation events (10 events):
Event: 0.298 Thread 0x00007fa44489f000   27       3       java.nio.charset.CharsetEncoder::reset (11 bytes)
Event: 0.298 Thread 0x00007fa44489f000 nmethod 27 0x0000000115378c10 code [0x0000000115378d80, 0x0000000115378fb0]
Event: 0.298 Thread 0x00007fa44489f000   28       3       java.nio.charset.CharsetEncoder::implReset (1 bytes)
Event: 0.298 Thread 0x00007fa44489f000 nmethod 28 0x0000000115376510 code [0x0000000115376660, 0x00000001153767b0]
Event: 0.302 Thread 0x00007fa44489f000   37       3       java.util.HashMap::put (13 bytes)
Event: 0.302 Thread 0x00007fa44489f000 nmethod 37 0x0000000115378550 code [0x00000001153786e0, 0x0000000115378ab8]
Event: 10.072 Thread 0x00007fa441880000   38       4       java.lang.String::indexOf (70 bytes)
Event: 10.072 Thread 0x00007fa44489f000   39       1       java.nio.Buffer::limit (5 bytes)
Event: 10.072 Thread 0x00007fa44489f000 nmethod 39 0x0000000115378290 code [0x00000001153783e0, 0x00000001153784f0]
Event: 10.075 Thread 0x00007fa441880000 nmethod 38 0x0000000115380310 code [0x0000000115380460, 0x0000000115380678]

GC Heap History (0 events):
No events

Deoptimization events (0 events):
No events

Classes redefined (3 events):
Event: 119.561 Thread 0x00007fa445804000 redefined class name=com.boss.javabasic.ali.Test3, count=1
Event: 153.173 Thread 0x00007fa445804000 redefined class name=com.boss.javabasic.ali.Test3, count=2
Event: 219.178 Thread 0x00007fa445804000 redefined class name=com.boss.javabasic.ali.Test3, count=3

Internal exceptions (2 events):
Event: 0.049 Thread 0x00007fa443807800 Exception <a 'java/lang/NoSuchMethodError': Method sun.misc.Unsafe.defineClass(Ljava/lang/String;[BII)Ljava/lang/Class; name or signature does not match> (0x000000076ab07cb0) thrown at [/Users/java_re/workspace/8-2-build-macosx-x86_64/jdk8u201/12322/hotsp
Event: 0.049 Thread 0x00007fa443807800 Exception <a 'java/lang/NoSuchMethodError': Method sun.misc.Unsafe.prefetchRead(Ljava/lang/Object;J)V name or signature does not match> (0x000000076ab07f98) thrown at [/Users/java_re/workspace/8-2-build-macosx-x86_64/jdk8u201/12322/hotspot/src/share/vm/pr

Events (10 events):
Event: 153.455 Executing VM operation: GetOrSetLocal done
Event: 164.217 Executing VM operation: ChangeBreakpoints
Event: 164.217 Executing VM operation: ChangeBreakpoints done
Event: 205.677 Executing VM operation: ChangeBreakpoints
Event: 205.677 Executing VM operation: ChangeBreakpoints done
Event: 219.178 Executing VM operation: RedefineClasses
Event: 219.178 Executing VM operation: RedefineClasses done
Event: 219.209 Executing VM operation: ChangeBreakpoints
Event: 219.209 Executing VM operation: ChangeBreakpoints done
Event: 219.479 Executing VM operation: GetOrSetLocal


Dynamic libraries:
0x00007fff2fab7000 	/System/Library/Frameworks/Cocoa.framework/Versions/A/Cocoa
0x00007fff3b864000 	/System/Library/Frameworks/Security.framework/Versions/A/Security
0x00007fff2e74a000 	/System/Library/Frameworks/ApplicationServices.framework/Versions/A/ApplicationServices
0x00007fff5b956000 	/usr/lib/libz.1.dylib
0x00007fff592ad000 	/usr/lib/libSystem.B.dylib
0x00007fff5aae6000 	/usr/lib/libobjc.A.dylib
0x00007fff3032c000 	/System/Library/Frameworks/CoreFoundation.framework/Versions/A/CoreFoundation
0x00007fff325b0000 	/System/Library/Frameworks/Foundation.framework/Versions/C/Foundation
0x00007fff2d943000 	/System/Library/Frameworks/AppKit.framework/Versions/C/AppKit
0x00007fff2feb5000 	/System/Library/Frameworks/CoreData.framework/Versions/A/CoreData
0x00007fff52d72000 	/System/Library/PrivateFrameworks/RemoteViewServices.framework/Versions/A/RemoteViewServices
0x00007fff56fe9000 	/System/Library/PrivateFrameworks/UIFoundation.framework/Versions/A/UIFoundation
0x00007fff586ce000 	/System/Library/PrivateFrameworks/XCTTargetBootstrap.framework/Versions/A/XCTTargetBootstrap
0x00007fff3023b000 	/System/Library/Frameworks/CoreDisplay.framework/Versions/A/CoreDisplay
0x00007fff4daac000 	/System/Library/PrivateFrameworks/IconServices.framework/Versions/A/IconServices
0x00007fff34ed1000 	/System/Library/Frameworks/Metal.framework/Versions/A/Metal
0x00007fff44fef000 	/System/Library/PrivateFrameworks/DesktopServicesPriv.framework/Versions/A/DesktopServicesPriv
0x00007fff59e49000 	/usr/lib/libenergytrace.dylib
0x00007fff554d0000 	/System/Library/PrivateFrameworks/SkyLight.framework/Versions/A/SkyLight
0x00007fff30773000 	/System/Library/Frameworks/CoreGraphics.framework/Versions/A/CoreGraphics
0x00007fff2c70f000 	/System/Library/Frameworks/Accelerate.framework/Versions/A/Accelerate
0x00007fff32cf9000 	/System/Library/Frameworks/IOSurface.framework/Versions/A/IOSurface
0x00007fff44e5b000 	/System/Library/PrivateFrameworks/DFRFoundation.framework/Versions/A/DFRFoundation
0x00007fff2ec2d000 	/System/Library/Frameworks/AudioToolbox.framework/Versions/A/AudioToolbox
0x00007fff2eea6000 	/System/Library/Frameworks/AudioUnit.framework/Versions/A/AudioUnit
0x00007fff44ef0000 	/System/Library/PrivateFrameworks/DataDetectorsCore.framework/Versions/A/DataDetectorsCore
0x00007fff2f5ba000 	/System/Library/Frameworks/Carbon.framework/Versions/A/Frameworks/HIToolbox.framework/Versions/A/HIToolbox
0x00007fff59fa2000 	/usr/lib/libicucore.A.dylib
0x00007fff3add7000 	/System/Library/Frameworks/QuartzCore.framework/Versions/A/QuartzCore
0x00007fff2f98f000 	/System/Library/Frameworks/Carbon.framework/Versions/A/Frameworks/SpeechRecognition.framework/Versions/A/SpeechRecognition
0x00007fff59401000 	/usr/lib/libauto.dylib
0x00007fff5b849000 	/usr/lib/libxml2.2.dylib
0x00007fff44a36000 	/System/Library/PrivateFrameworks/CoreUI.framework/Versions/A/CoreUI
0x00007fff2fda0000 	/System/Library/Frameworks/CoreAudio.framework/Versions/A/CoreAudio
0x00007fff323e5000 	/System/Library/Frameworks/DiskArbitration.framework/Versions/A/DiskArbitration
0x00007fff5a250000 	/usr/lib/liblangid.dylib
0x00007fff4eeb7000 	/System/Library/PrivateFrameworks/MultitouchSupport.framework/Versions/A/MultitouchSupport
0x00007fff32c68000 	/System/Library/Frameworks/IOKit.framework/Versions/A/IOKit
0x00007fff58e6d000 	/usr/lib/libDiagnosticMessagesClient.dylib
0x00007fff31583000 	/System/Library/Frameworks/CoreServices.framework/Versions/A/CoreServices
0x00007fff50b71000 	/System/Library/PrivateFrameworks/PerformanceAnalysis.framework/Versions/A/PerformanceAnalysis
0x00007fff39fbe000 	/System/Library/Frameworks/OpenGL.framework/Versions/A/OpenGL
0x00007fff2fac5000 	/System/Library/Frameworks/ColorSync.framework/Versions/A/ColorSync
0x00007fff30e05000 	/System/Library/Frameworks/CoreImage.framework/Versions/A/CoreImage
0x00007fff31f5b000 	/System/Library/Frameworks/CoreText.framework/Versions/A/CoreText
0x00007fff32d5c000 	/System/Library/Frameworks/ImageIO.framework/Versions/A/ImageIO
0x00007fff41088000 	/System/Library/PrivateFrameworks/Backup.framework/Versions/A/Backup
0x00007fff59354000 	/usr/lib/libarchive.2.dylib
0x00007fff2f1ff000 	/System/Library/Frameworks/CFNetwork.framework/Versions/A/CFNetwork
0x00007fff3bfc0000 	/System/Library/Frameworks/SystemConfiguration.framework/Versions/A/SystemConfiguration
0x00007fff58d9e000 	/usr/lib/libCRFSuite.dylib
0x00007fff594f2000 	/usr/lib/libc++.1.dylib
0x00007fff59546000 	/usr/lib/libc++abi.dylib
0x00007fff5c14c000 	/usr/lib/system/libcache.dylib
0x00007fff5c151000 	/usr/lib/system/libcommonCrypto.dylib
0x00007fff5c15c000 	/usr/lib/system/libcompiler_rt.dylib
0x00007fff5c164000 	/usr/lib/system/libcopyfile.dylib
0x00007fff5c16e000 	/usr/lib/system/libcorecrypto.dylib
0x00007fff5c279000 	/usr/lib/system/libdispatch.dylib
0x00007fff5c2b3000 	/usr/lib/system/libdyld.dylib
0x00007fff5c2e0000 	/usr/lib/system/libkeymgr.dylib
0x00007fff5c2ee000 	/usr/lib/system/liblaunch.dylib
0x00007fff5c2ef000 	/usr/lib/system/libmacho.dylib
0x00007fff5c2f5000 	/usr/lib/system/libquarantine.dylib
0x00007fff5c2f8000 	/usr/lib/system/libremovefile.dylib
0x00007fff5c2fa000 	/usr/lib/system/libsystem_asl.dylib
0x00007fff5c312000 	/usr/lib/system/libsystem_blocks.dylib
0x00007fff5c313000 	/usr/lib/system/libsystem_c.dylib
0x00007fff5c39b000 	/usr/lib/system/libsystem_configuration.dylib
0x00007fff5c39f000 	/usr/lib/system/libsystem_coreservices.dylib
0x00007fff5c3a3000 	/usr/lib/system/libsystem_darwin.dylib
0x00007fff5c3aa000 	/usr/lib/system/libsystem_dnssd.dylib
0x00007fff5c3b1000 	/usr/lib/system/libsystem_info.dylib
0x00007fff5c426000 	/usr/lib/system/libsystem_m.dylib
0x00007fff5c472000 	/usr/lib/system/libsystem_malloc.dylib
0x00007fff5c49d000 	/usr/lib/system/libsystem_networkextension.dylib
0x00007fff5c4a8000 	/usr/lib/system/libsystem_notify.dylib
0x00007fff5c4c5000 	/usr/lib/system/libsystem_sandbox.dylib
0x00007fff5c4c9000 	/usr/lib/system/libsystem_secinit.dylib
0x00007fff5c3fd000 	/usr/lib/system/libsystem_kernel.dylib
0x00007fff5c4b0000 	/usr/lib/system/libsystem_platform.dylib
0x00007fff5c4ba000 	/usr/lib/system/libsystem_pthread.dylib
0x00007fff5c4cc000 	/usr/lib/system/libsystem_symptoms.dylib
0x00007fff5c4d4000 	/usr/lib/system/libsystem_trace.dylib
0x00007fff5c4eb000 	/usr/lib/system/libunwind.dylib
0x00007fff5c4f1000 	/usr/lib/system/libxpc.dylib
0x00007fff594d3000 	/usr/lib/libbsm.0.dylib
0x00007fff5c2e1000 	/usr/lib/system/libkxld.dylib
0x00007fff40479000 	/System/Library/PrivateFrameworks/AppleFSCompression.framework/Versions/A/AppleFSCompression
0x00007fff5916d000 	/usr/lib/libOpenScriptingUtil.dylib
0x00007fff597fb000 	/usr/lib/libcoretls.dylib
0x00007fff59812000 	/usr/lib/libcoretls_cfhelpers.dylib
0x00007fff5b27d000 	/usr/lib/libpam.2.dylib
0x00007fff5b43d000 	/usr/lib/libsqlite3.dylib
0x00007fff5b837000 	/usr/lib/libxar.1.dylib
0x00007fff594e4000 	/usr/lib/libbz2.1.0.dylib
0x00007fff5a252000 	/usr/lib/liblzma.5.dylib
0x00007fff5a703000 	/usr/lib/libnetwork.dylib
0x00007fff5933d000 	/usr/lib/libapple_nghttp2.dylib
0x00007fff5b284000 	/usr/lib/libpcap.A.dylib
0x00007fff31922000 	/System/Library/Frameworks/CoreServices.framework/Versions/A/Frameworks/FSEvents.framework/Versions/A/FSEvents
0x00007fff31601000 	/System/Library/Frameworks/CoreServices.framework/Versions/A/Frameworks/CarbonCore.framework/Versions/A/CarbonCore
0x00007fff31add000 	/System/Library/Frameworks/CoreServices.framework/Versions/A/Frameworks/Metadata.framework/Versions/A/Metadata
0x00007fff31b7c000 	/System/Library/Frameworks/CoreServices.framework/Versions/A/Frameworks/OSServices.framework/Versions/A/OSServices
0x00007fff31bc7000 	/System/Library/Frameworks/CoreServices.framework/Versions/A/Frameworks/SearchKit.framework/Versions/A/SearchKit
0x00007fff31584000 	/System/Library/Frameworks/CoreServices.framework/Versions/A/Frameworks/AE.framework/Versions/A/AE
0x00007fff3192b000 	/System/Library/Frameworks/CoreServices.framework/Versions/A/Frameworks/LaunchServices.framework/Versions/A/LaunchServices
0x00007fff318d9000 	/System/Library/Frameworks/CoreServices.framework/Versions/A/Frameworks/DictionaryServices.framework/Versions/A/DictionaryServices
0x00007fff31c2f000 	/System/Library/Frameworks/CoreServices.framework/Versions/A/Frameworks/SharedFileList.framework/Versions/A/SharedFileList
0x00007fff35f99000 	/System/Library/Frameworks/NetFS.framework/Versions/A/NetFS
0x00007fff4f11d000 	/System/Library/PrivateFrameworks/NetAuth.framework/Versions/A/NetAuth
0x00007fff58ad2000 	/System/Library/PrivateFrameworks/login.framework/Versions/A/Frameworks/loginsupport.framework/Versions/A/loginsupport
0x00007fff56bf2000 	/System/Library/PrivateFrameworks/TCC.framework/Versions/A/TCC
0x00007fff44093000 	/System/Library/PrivateFrameworks/CoreNLP.framework/Versions/A/CoreNLP
0x00007fff4ebb2000 	/System/Library/PrivateFrameworks/MetadataUtilities.framework/Versions/A/MetadataUtilities
0x00007fff5a327000 	/usr/lib/libmecabra.dylib
0x00007fff2e74b000 	/System/Library/Frameworks/ApplicationServices.framework/Versions/A/Frameworks/ATS.framework/Versions/A/ATS
0x00007fff2ea9a000 	/System/Library/Frameworks/ApplicationServices.framework/Versions/A/Frameworks/ColorSyncLegacy.framework/Versions/A/ColorSyncLegacy
0x00007fff2eb39000 	/System/Library/Frameworks/ApplicationServices.framework/Versions/A/Frameworks/HIServices.framework/Versions/A/HIServices
0x00007fff2eb8c000 	/System/Library/Frameworks/ApplicationServices.framework/Versions/A/Frameworks/LangAnalysis.framework/Versions/A/LangAnalysis
0x00007fff2eb9c000 	/System/Library/Frameworks/ApplicationServices.framework/Versions/A/Frameworks/PrintCore.framework/Versions/A/PrintCore
0x00007fff2ebe6000 	/System/Library/Frameworks/ApplicationServices.framework/Versions/A/Frameworks/QD.framework/Versions/A/QD
0x00007fff2ec20000 	/System/Library/Frameworks/ApplicationServices.framework/Versions/A/Frameworks/SpeechSynthesis.framework/Versions/A/SpeechSynthesis
0x00007fff5956e000 	/usr/lib/libcompression.dylib
0x00007fff351a1000 	/System/Library/Frameworks/MetalPerformanceShaders.framework/Versions/A/MetalPerformanceShaders
0x00007fff2c727000 	/System/Library/Frameworks/Accelerate.framework/Versions/A/Frameworks/vImage.framework/Versions/A/vImage
0x00007fff2d7a1000 	/System/Library/Frameworks/Accelerate.framework/Versions/A/Frameworks/vecLib.framework/Versions/A/vecLib
0x00007fff2d6ed000 	/System/Library/Frameworks/Accelerate.framework/Versions/A/Frameworks/vecLib.framework/Versions/A/libvMisc.dylib
0x00007fff2d505000 	/System/Library/Frameworks/Accelerate.framework/Versions/A/Frameworks/vecLib.framework/Versions/A/libvDSP.dylib
0x00007fff2cdc1000 	/System/Library/Frameworks/Accelerate.framework/Versions/A/Frameworks/vecLib.framework/Versions/A/libBLAS.dylib
0x00007fff2d0ae000 	/System/Library/Frameworks/Accelerate.framework/Versions/A/Frameworks/vecLib.framework/Versions/A/libLAPACK.dylib
0x00007fff2d458000 	/System/Library/Frameworks/Accelerate.framework/Versions/A/Frameworks/vecLib.framework/Versions/A/libLinearAlgebra.dylib
0x00007fff2d4f1000 	/System/Library/Frameworks/Accelerate.framework/Versions/A/Frameworks/vecLib.framework/Versions/A/libSparseBLAS.dylib
0x00007fff2d46e000 	/System/Library/Frameworks/Accelerate.framework/Versions/A/Frameworks/vecLib.framework/Versions/A/libQuadrature.dylib
0x00007fff2d03b000 	/System/Library/Frameworks/Accelerate.framework/Versions/A/Frameworks/vecLib.framework/Versions/A/libBNNS.dylib
0x00007fff2d474000 	/System/Library/Frameworks/Accelerate.framework/Versions/A/Frameworks/vecLib.framework/Versions/A/libSparse.dylib
0x00007fff4b3e1000 	/System/Library/PrivateFrameworks/GPUWrangler.framework/Versions/A/GPUWrangler
0x00007fff4d6e1000 	/System/Library/PrivateFrameworks/IOAccelerator.framework/Versions/A/IOAccelerator
0x00007fff4d6ec000 	/System/Library/PrivateFrameworks/IOPresentment.framework/Versions/A/IOPresentment
0x00007fff44e6b000 	/System/Library/PrivateFrameworks/DSExternalDisplay.framework/Versions/A/DSExternalDisplay
0x00007fff39415000 	/System/Library/Frameworks/OpenGL.framework/Versions/A/Libraries/libCoreFSCache.dylib
0x00007fff34f95000 	/System/Library/Frameworks/MetalPerformanceShaders.framework/Frameworks/MPSCore.framework/Versions/A/MPSCore
0x00007fff34fb5000 	/System/Library/Frameworks/MetalPerformanceShaders.framework/Frameworks/MPSImage.framework/Versions/A/MPSImage
0x00007fff3505a000 	/System/Library/Frameworks/MetalPerformanceShaders.framework/Frameworks/MPSNeuralNetwork.framework/Versions/A/MPSNeuralNetwork
0x00007fff35032000 	/System/Library/Frameworks/MetalPerformanceShaders.framework/Frameworks/MPSMatrix.framework/Versions/A/MPSMatrix
0x00007fff35186000 	/System/Library/Frameworks/MetalPerformanceShaders.framework/Frameworks/MPSRayIntersector.framework/Versions/A/MPSRayIntersector
0x00007fff4ebdb000 	/System/Library/PrivateFrameworks/MetalTools.framework/Versions/A/MetalTools
0x00007fff3fd23000 	/System/Library/PrivateFrameworks/AggregateDictionary.framework/Versions/A/AggregateDictionary
0x00007fff5914d000 	/usr/lib/libMobileGestalt.dylib
0x00007fff320be000 	/System/Library/Frameworks/CoreVideo.framework/Versions/A/CoreVideo
0x00007fff4c1f2000 	/System/Library/PrivateFrameworks/GraphVisualizer.framework/Versions/A/GraphVisualizer
0x00007fff46071000 	/System/Library/PrivateFrameworks/FaceCore.framework/Versions/A/FaceCore
0x00007fff38a43000 	/System/Library/Frameworks/OpenCL.framework/Versions/A/OpenCL
0x00007fff58ea5000 	/usr/lib/libFosl_dynamic.dylib
0x00007fff4f988000 	/System/Library/PrivateFrameworks/OTSVG.framework/Versions/A/OTSVG
0x00007fff2e84f000 	/System/Library/Frameworks/ApplicationServices.framework/Versions/A/Frameworks/ATS.framework/Versions/A/Resources/libFontParser.dylib
0x00007fff2e967000 	/System/Library/Frameworks/ApplicationServices.framework/Versions/A/Frameworks/ATS.framework/Versions/A/Resources/libFontRegistry.dylib
0x00007fff32fca000 	/System/Library/Frameworks/ImageIO.framework/Versions/A/Resources/libJPEG.dylib
0x00007fff332dc000 	/System/Library/Frameworks/ImageIO.framework/Versions/A/Resources/libTIFF.dylib
0x00007fff332b2000 	/System/Library/Frameworks/ImageIO.framework/Versions/A/Resources/libPng.dylib
0x00007fff32ee8000 	/System/Library/Frameworks/ImageIO.framework/Versions/A/Resources/libGIF.dylib
0x00007fff32eed000 	/System/Library/Frameworks/ImageIO.framework/Versions/A/Resources/libJP2.dylib
0x00007fff332d9000 	/System/Library/Frameworks/ImageIO.framework/Versions/A/Resources/libRadiance.dylib
0x00007fff405d0000 	/System/Library/PrivateFrameworks/AppleJPEG.framework/Versions/A/AppleJPEG
0x00007fff39420000 	/System/Library/Frameworks/OpenGL.framework/Versions/A/Libraries/libGFXShared.dylib
0x00007fff395e3000 	/System/Library/Frameworks/OpenGL.framework/Versions/A/Libraries/libGLU.dylib
0x00007fff39429000 	/System/Library/Frameworks/OpenGL.framework/Versions/A/Libraries/libGL.dylib
0x00007fff39435000 	/System/Library/Frameworks/OpenGL.framework/Versions/A/Libraries/libGLImage.dylib
0x00007fff39412000 	/System/Library/Frameworks/OpenGL.framework/Versions/A/Libraries/libCVMSPluginSupport.dylib
0x00007fff3941b000 	/System/Library/Frameworks/OpenGL.framework/Versions/A/Libraries/libCoreVMClient.dylib
0x00007fff59cbf000 	/usr/lib/libcups.2.dylib
0x00007fff3449c000 	/System/Library/Frameworks/Kerberos.framework/Versions/A/Kerberos
0x00007fff329cc000 	/System/Library/Frameworks/GSS.framework/Versions/A/GSS
0x00007fff5b3d2000 	/usr/lib/libresolv.9.dylib
0x00007fff59eb1000 	/usr/lib/libiconv.2.dylib
0x00007fff4c367000 	/System/Library/PrivateFrameworks/Heimdal.framework/Versions/A/Heimdal
0x00007fff59e81000 	/usr/lib/libheimdal-asn1.dylib
0x00007fff38ab7000 	/System/Library/Frameworks/OpenDirectory.framework/Versions/A/OpenDirectory
0x00007fff42df6000 	/System/Library/PrivateFrameworks/CommonAuth.framework/Versions/A/CommonAuth
0x00007fff38a9b000 	/System/Library/Frameworks/OpenDirectory.framework/Versions/A/Frameworks/CFOpenDirectory.framework/Versions/A/CFOpenDirectory
0x00007fff3bb65000 	/System/Library/Frameworks/SecurityFoundation.framework/Versions/A/SecurityFoundation
0x00007fff3f269000 	/System/Library/PrivateFrameworks/APFS.framework/Versions/A/APFS
0x00007fff5b833000 	/usr/lib/libutil.dylib
0x00007fff5955c000 	/usr/lib/libcharset.1.dylib
0x00007fff4086d000 	/System/Library/PrivateFrameworks/AppleSauce.framework/Versions/A/AppleSauce
0x00007fff409ee000 	/System/Library/PrivateFrameworks/AssertionServices.framework/Versions/A/AssertionServices
0x00007fff4111e000 	/System/Library/PrivateFrameworks/BaseBoard.framework/Versions/A/BaseBoard
0x00007fff5a282000 	/usr/lib/libmecab.1.0.0.dylib
0x00007fff59e7b000 	/usr/lib/libgermantok.dylib
0x00007fff5932a000 	/usr/lib/libThaiTokenizer.dylib
0x00007fff58dd5000 	/usr/lib/libChineseTokenizer.dylib
0x00007fff4dd99000 	/System/Library/PrivateFrameworks/LanguageModeling.framework/Versions/A/LanguageModeling
0x00007fff43ad8000 	/System/Library/PrivateFrameworks/CoreEmoji.framework/Versions/A/CoreEmoji
0x00007fff4de75000 	/System/Library/PrivateFrameworks/Lexicon.framework/Versions/A/Lexicon
0x00007fff4deb8000 	/System/Library/PrivateFrameworks/LinguisticData.framework/Versions/A/LinguisticData
0x00007fff5955d000 	/usr/lib/libcmph.dylib
0x00007fff3bc23000 	/System/Library/Frameworks/ServiceManagement.framework/Versions/A/ServiceManagement
0x00007fff4107f000 	/System/Library/PrivateFrameworks/BackgroundTaskManagement.framework/Versions/A/BackgroundTaskManagement
0x00007fff5b92d000 	/usr/lib/libxslt.1.dylib
0x00007fff2f8bc000 	/System/Library/Frameworks/Carbon.framework/Versions/A/Frameworks/Ink.framework/Versions/A/Ink
0x00007fff56e64000 	/System/Library/PrivateFrameworks/TextureIO.framework/Versions/A/TextureIO
0x00007fff5937e000 	/usr/lib/libate.dylib
0x00007fff44dba000 	/System/Library/PrivateFrameworks/CrashReporterSupport.framework/Versions/A/CrashReporterSupport
0x00007fff5459e000 	/System/Library/PrivateFrameworks/Sharing.framework/Versions/A/Sharing
0x00007fff40dd1000 	/System/Library/PrivateFrameworks/AuthKit.framework/Versions/A/AuthKit
0x00007fff40325000 	/System/Library/PrivateFrameworks/Apple80211.framework/Versions/A/Apple80211
0x00007fff44b62000 	/System/Library/PrivateFrameworks/CoreUtils.framework/Versions/A/CoreUtils
0x00007fff320ff000 	/System/Library/Frameworks/CoreWLAN.framework/Versions/A/CoreWLAN
0x00007fff32afb000 	/System/Library/Frameworks/IOBluetooth.framework/Versions/A/IOBluetooth
0x00007fff52a12000 	/System/Library/PrivateFrameworks/ProtocolBuffer.framework/Versions/A/ProtocolBuffer
0x00007fff4ee13000 	/System/Library/PrivateFrameworks/MobileKeyBag.framework/Versions/A/MobileKeyBag
0x00007fff443a6000 	/System/Library/PrivateFrameworks/CorePhoneNumbers.framework/Versions/A/CorePhoneNumbers
0x00007fff40584000 	/System/Library/PrivateFrameworks/AppleIDAuthSupport.framework/Versions/A/AppleIDAuthSupport
0x00007fff4dd6c000 	/System/Library/PrivateFrameworks/KeychainCircle.framework/Versions/A/KeychainCircle
0x00007fff52bc8000 	/System/Library/PrivateFrameworks/ROCKit.framework/Versions/A/ROCKit
0x00007fff44d56000 	/System/Library/PrivateFrameworks/CoreWiFi.framework/Versions/A/CoreWiFi
0x00007fff2fe8a000 	/System/Library/Frameworks/CoreBluetooth.framework/Versions/A/CoreBluetooth
0x00007fff44fb1000 	/System/Library/PrivateFrameworks/DebugSymbols.framework/Versions/A/DebugSymbols
0x00007fff44922000 	/System/Library/PrivateFrameworks/CoreSymbolication.framework/Versions/A/CoreSymbolication
0x00007fff5667f000 	/System/Library/PrivateFrameworks/Symbolication.framework/Versions/A/Symbolication
0x00007fff55f22000 	/System/Library/PrivateFrameworks/SpeechRecognitionCore.framework/Versions/A/SpeechRecognitionCore
0x00007fff24a52000 	/System/Library/CoreServices/Encodings/libSimplifiedChineseConverter.dylib
0x000000010e200000 	/Library/Java/JavaVirtualMachines/jdk1.8.0_201.jdk/Contents/Home/jre/lib/server/libjvm.dylib
0x00007fff5b70e000 	/usr/lib/libstdc++.6.dylib
0x000000010d02a000 	/Library/Java/JavaVirtualMachines/jdk1.8.0_201.jdk/Contents/Home/jre/lib/libverify.dylib
0x000000010d038000 	/Library/Java/JavaVirtualMachines/jdk1.8.0_201.jdk/Contents/Home/jre/lib/libjava.dylib
0x000000010d06f000 	/Library/Java/JavaVirtualMachines/jdk1.8.0_201.jdk/Contents/Home/jre/lib/libjdwp.dylib
0x000000010d0ba000 	/Library/Java/JavaVirtualMachines/jdk1.8.0_201.jdk/Contents/Home/jre/lib/libnpt.dylib
0x000000010d0d8000 	/Library/Java/JavaVirtualMachines/jdk1.8.0_201.jdk/Contents/Home/jre/lib/libinstrument.dylib
0x000000010d175000 	/Library/Java/JavaVirtualMachines/jdk1.8.0_201.jdk/Contents/Home/jre/lib/libzip.dylib
0x0000000113210000 	/Library/Java/JavaVirtualMachines/jdk1.8.0_201.jdk/Contents/Home/jre/lib/libdt_socket.dylib

VM Arguments:
jvm_args: -agentlib:jdwp=transport=dt_socket,address=127.0.0.1:52103,suspend=y,server=n -javaagent:/Users/qxr4383/Library/Caches/IntelliJIdea2018.1/captureAgent/debugger-agent.jar=file:/private/var/folders/ml/mh771xp17pl1q1cpvnjhsyj0kfk0ww/T/capture.props -Dfile.encoding=UTF-8 
java_command: com.boss.javabasic.ali.Test3
java_class_path (initial): /Library/Java/JavaVirtualMachines/jdk1.8.0_201.jdk/Contents/Home/jre/lib/charsets.jar:/Library/Java/JavaVirtualMachines/jdk1.8.0_201.jdk/Contents/Home/jre/lib/deploy.jar:/Library/Java/JavaVirtualMachines/jdk1.8.0_201.jdk/Contents/Home/jre/lib/ext/cldrdata.jar:/Library/Java/JavaVirtualMachines/jdk1.8.0_201.jdk/Contents/Home/jre/lib/ext/dnsns.jar:/Library/Java/JavaVirtualMachines/jdk1.8.0_201.jdk/Contents/Home/jre/lib/ext/jaccess.jar:/Library/Java/JavaVirtualMachines/jdk1.8.0_201.jdk/Contents/Home/jre/lib/ext/jfxrt.jar:/Library/Java/JavaVirtualMachines/jdk1.8.0_201.jdk/Contents/Home/jre/lib/ext/localedata.jar:/Library/Java/JavaVirtualMachines/jdk1.8.0_201.jdk/Contents/Home/jre/lib/ext/nashorn.jar:/Library/Java/JavaVirtualMachines/jdk1.8.0_201.jdk/Contents/Home/jre/lib/ext/sunec.jar:/Library/Java/JavaVirtualMachines/jdk1.8.0_201.jdk/Contents/Home/jre/lib/ext/sunjce_provider.jar:/Library/Java/JavaVirtualMachines/jdk1.8.0_201.jdk/Contents/Home/jre/lib/ext/sunpkcs11.jar:/Library/Java/JavaVirtualMachines/jdk1.8.0_201.jdk/Contents/Home/jre/lib/ext/zipfs.jar:/Library/Java/JavaVirtualMachines/jdk1.8.0_201.jdk/Contents/Home/jre/lib/javaws.jar:/Library/Java/JavaVirtualMachines/jdk1.8.0_201.jdk/Contents/Home/jre/lib/jce.jar:/Library/Java/JavaVirtualMachines/jdk1.8.0_201.jdk/Contents/Home/jre/lib/jfr.jar:/Library/Java/JavaVirtualMachines/jdk1.8.0_201.jdk/Contents/Home/jre/lib/jfxswt.jar:/Library/Java/JavaVirtualMachines/jdk1.8.0_201.jdk/Contents/Home/jre/lib/jsse.jar:/Library/Java/JavaVirtualMachines/jdk1.8.0_201.jdk/Contents/Home/jre/lib/management-agent.jar:/Library/Java/JavaVirtualMachines/jdk1.8.0_201.jdk/Contents/Home/jre/lib/plugin.jar:/Library/Java/JavaVirtualMachines/jdk1.8.0_201.jdk/Contents/Home/jre/lib/resources.jar:/Library/Java/JavaVirtualMachines/jdk1.8.0_201.jdk/Contents/Home/jre/lib/rt.jar:/Library/Java/JavaVirtualMachines/jdk1.8.0_201.jdk/Contents/Home/lib/ant-javafx.jar:/Library/Java/JavaVirtualMachines/jdk1.8.0_201.jdk/Contents/Home
Launcher Type: SUN_STANDARD

Environment Variables:
PATH=/usr/local/bin:/usr/bin:/bin:/usr/sbin:/sbin:/Applications/VMware Fusion.app/Contents/Public:/Users/qxr4383/Documents/work/softwire/apache-maven-3.6.1/bin
SHELL=/bin/bash

Signal Handlers:
SIGSEGV: [libjvm.dylib+0x5b723d], sa_mask[0]=11111111011111110111111111111111, sa_flags=SA_ONSTACK|SA_RESTART|SA_SIGINFO
SIGBUS: [libjvm.dylib+0x5b723d], sa_mask[0]=11111111011111110111111111111111, sa_flags=SA_RESTART|SA_SIGINFO
SIGFPE: [libjvm.dylib+0x48c9bc], sa_mask[0]=11111111011111110111111111111111, sa_flags=SA_RESTART|SA_SIGINFO
SIGPIPE: [libjvm.dylib+0x48c9bc], sa_mask[0]=11111111011111110111111111111111, sa_flags=SA_RESTART|SA_SIGINFO
SIGXFSZ: [libjvm.dylib+0x48c9bc], sa_mask[0]=11111111011111110111111111111111, sa_flags=SA_RESTART|SA_SIGINFO
SIGILL: [libjvm.dylib+0x48c9bc], sa_mask[0]=11111111011111110111111111111111, sa_flags=SA_RESTART|SA_SIGINFO
SIGUSR1: SIG_DFL, sa_mask[0]=00000000000000000000000000000000, sa_flags=none
SIGUSR2: [libjvm.dylib+0x48c4da], sa_mask[0]=00100000000000000000000000000000, sa_flags=SA_RESTART|SA_SIGINFO
SIGHUP: [libjvm.dylib+0x48aa65], sa_mask[0]=11111111011111110111111111111111, sa_flags=SA_RESTART|SA_SIGINFO
SIGINT: [libjvm.dylib+0x48aa65], sa_mask[0]=11111111011111110111111111111111, sa_flags=SA_RESTART|SA_SIGINFO
SIGTERM: [libjvm.dylib+0x48aa65], sa_mask[0]=11111111011111110111111111111111, sa_flags=SA_RESTART|SA_SIGINFO
SIGQUIT: [libjvm.dylib+0x48aa65], sa_mask[0]=11111111011111110111111111111111, sa_flags=SA_RESTART|SA_SIGINFO


---------------  S Y S T E M  ---------------

OS:Bsduname:Darwin 18.7.0 Darwin Kernel Version 18.7.0: Sat Oct 12 00:02:19 PDT 2019; root:xnu-4903.278.12~1/RELEASE_X86_64 x86_64
rlimit: STACK 8192k, CORE 0k, NPROC 1418, NOFILE 10240, AS infinity
load average:3.52 3.38 3.41

CPU:total 8 (initial active 8) (4 cores per cpu, 2 threads per core) family 6 model 94 stepping 3, cmov, cx8, fxsr, mmx, sse, sse2, sse3, ssse3, sse4.1, sse4.2, popcnt, avx, avx2, aes, clmul, erms, rtm, 3dnowpref, lzcnt, ht, tsc, tscinvbit, bmi1, bmi2, adx

Memory: 4k page, physical 16777216k(901384k free)

/proc/meminfo:


vm_info: Java HotSpot(TM) 64-Bit Server VM (25.201-b09) for bsd-amd64 JRE (1.8.0_201-b09), built on Dec 15 2018 18:35:23 by "java_re" with gcc 4.2.1 (Based on Apple Inc. build 5658) (LLVM build 2336.11.00)

time: Thu Jan 16 20:49:55 2020
timezone: CST
elapsed time: 219 seconds (0d 0h 3m 39s)

